<?xml version="1.0" encoding="UTF-8"?>
<!-- Generated by org.testng.reporters.JUnitXMLReporter -->
<testsuite ignored="0" hostname="Pankaj" failures="0" tests="3" name="Default test" time="8.868" errors="0" timestamp="2024-10-10T18:27:21 IST">
  <testcase classname="SeleniumTraining.MorningBatch.POM_login" name="openEnquiryListPage" time="0.368"/>
  <testcase classname="SeleniumTraining.MorningBatch.POM_login" name="openEnquiryPage" time="0.455"/>
  <testcase classname="SeleniumTraining.MorningBatch.POM_login" name="openFollowUpPage" time="1.044"/>
</testsuite> <!-- Default test -->
